2024-05-07 19:57:25:WARNING:There was an error managing chromedriver (error sending request for url (https://googlechromelabs.github.io/chrome-for-testing/known-good-versions-with-downloads.json)); using driver found in the cache
2024-05-07 19:57:25:WARNING:Error sending stats to Plausible: error sending request for url (https://plausible.io/api/event)
2024-05-07 19:57:27:INFO:*********Test_001_login title page *********************8
2024-05-07 19:57:28:WARNING:There was an error managing chromedriver (error sending request for url (https://googlechromelabs.github.io/chrome-for-testing/known-good-versions-with-downloads.json)); using driver found in the cache
2024-05-07 19:57:58:INFO:*********Test_001_login title page *********************8
2024-05-07 19:58:02:INFO:*********Homepage Title test is passed ************************
2024-05-08 07:09:09:INFO:*********Test_001_login title page *********************8
2024-05-08 07:09:11:INFO:*********Homepage Title test is passed ************************
2024-05-08 07:09:40:INFO:*********Test_001_login title page *********************8
2024-05-08 07:09:42:INFO:*********Homepage Title test is passed ************************
2024-05-09 06:51:55:INFO:*********Test_001_login title page *********************8
2024-05-09 06:51:57:INFO:*********Homepage Title test is passed ************************
2024-05-09 07:18:20:INFO:*********Test_001_login title page *********************8
2024-05-09 07:18:23:INFO:*********Homepage Title test is passed ************************
2024-05-11 00:33:47:INFO:*********Test_001_login title page *********************8
2024-05-11 00:33:51:INFO:*********Homepage Title test is passed ************************
2024-05-24 06:29:00:INFO:test data is login
2024-05-24 06:31:44:INFO:test data is login
2024-05-24 06:31:51:INFO:test data is failed
2024-05-24 06:34:21:INFO:test data is login
2024-05-24 06:34:28:INFO:Test case is passed
2024-05-24 06:34:34:INFO:Test case is passed
2024-05-24 06:34:34:INFO:Test admin data driven test is passed
2024-05-24 06:39:15:INFO:test data is login
2024-05-24 06:39:22:INFO:Test case is passed
2024-05-24 06:39:28:INFO:Test case is passed
2024-05-24 06:39:28:INFO:Test admin data driven test is passed
